<?xml version="1.0" encoding="UTF-8"?>
<testsuite xmlns:xsi="http://www.w3.org/2001/XMLSchema-instance" xsi:noNamespaceSchemaLocation="https://maven.apache.org/surefire/maven-surefire-plugin/xsd/surefire-test-report.xsd" name="testRunner.runner" time="0.387" tests="1" errors="0" skipped="0" failures="1">
  <properties>
[...]
</properties>
  <testcase name="runScenario" classname="testRunner.runner" time="0.151">
    <failure type="java.lang.ExceptionInInitializerError">java.lang.ExceptionInInitializerError
Caused by: java.lang.IllegalStateException: The driver executable does not exist: /home/middela/Azure_Repos/demo-cucumber-project/E:/demo-project/libraries/chromedriver.exe
</failure>
    <system-err><![CDATA[Aug 04, 2020 8:38:23 PM cucumber.runtime.java.ObjectFactoryLoader loadSingleObjectFactory
WARNING: Use deprecated reflections to load ObjectFactory.
]]></system-err>
  </testcase>
</testsuite>